No handles with labels found to put in legend.
========================
MIRACLE sv4.07 - tv7.06
2022-09-30 17:00:02.671856
Sections recupérées dans le fichier de configuration: ['CONFIGS', 'STRATEGIE', 'FICHIER.HISTORIQUE']
Sections recupérées dans le fichier des indicateurs : ['params']
Vous ne sauvegardez pas encore votre investissement initial.
Collecte des paires...
Paires collectées sur https://ftx.com/api/futures avec succès.
70 paires sélectionnées :
 ['BTC-PERP', 'ETH-PERP', 'XRP-PERP', 'SOL-PERP', 'ATOM-PERP', 'LUNC-PERP', 'BNB-PERP', 'MATIC-PERP', 'LINK-PERP', 'AVAX-PERP', 'ETC-PERP', 'ADA-PERP', 'USDT-PERP', 'CHZ-PERP', 'APE-PERP', 'EOS-PERP', 'ALGO-PERP', 'DOT-PERP', 'DOGE-PERP', 'KLUNC-PERP', 'CRV-PERP', 'TRX-PERP', 'LTC-PERP', 'XLM-PERP', 'ETHW-PERP', 'UNI-PERP', 'BCH-PERP', 'FTT-PERP', 'RSR-PERP', 'AXS-PERP', 'OP-PERP', 'FLOW-PERP', 'NEAR-PERP', 'GMT-PERP', 'SUSHI-PERP', 'LUNA2-PERP', 'AAVE-PERP', 'HNT-PERP', 'FIL-PERP', 'ENS-PERP', 'SAND-PERP', 'LDO-PERP', 'SNX-PERP', 'FTM-PERP', 'GALA-PERP', 'CEL-PERP', 'MKR-PERP', 'XTZ-PERP', 'EGLD-PERP', 'YFI-PERP', 'WAVES-PERP', 'CRO-PERP', 'DYDX-PERP', 'PERP-PERP', 'CAKE-PERP', 'SRM-PERP', 'TLM-PERP', 'REEF-PERP', 'VET-PERP', 'MANA-PERP', 'AGLD-PERP', 'THETA-PERP', 'ALPHA-PERP', 'LOOKS-PERP', 'RUNE-PERP', 'COMP-PERP', 'PEOPLE-PERP', 'KNC-PERP', 'XMR-PERP', 'SHIT-PERP']
Les cryptos qu'on aurait dû utiliser mais qui appartiennent à la blacklist sont : USDT-PERP, LUNA2-PERP
Récupération des 3000 dernières bougies en timeframe 1h pour l'ensemble des cryptos...
ETHW-PERP ne sera pas utilisée : manque de données.
{'ALGO-PERP': 0.149, 'APE-PERP': 0.1728}
['ALGO-PERP', 'APE-PERP']
TakeProfit est activé.
Stoploss est activé
ohlc open : 5.454, 5.5265, 5.4315, 5.523
APE-PERP est en position d'achat LONG
ohlc open : 0.3549, 0.3628, 0.3527, 0.3603
ALGO-PERP est en position d'achat LONG
ohlc open : 5.3208, 5.3998, 5.298, 5.3106
HNT-PERP est en position d'achat LONG
ohlc open : 768.5, 775.5, 766.5, 773.0
MKR-PERP est en position d'achat LONG
Lancement du check...
On maintient notre position long sur APE-PERP
On maintient notre position long sur ALGO-PERP
Nombre de position ouverte max atteint
Solde du compte => 71.46373065 $
Aucun changement de données, aucune information n'a été envoyé à Telegram
Prix stop loss = 4.14225
SecurityStopLoss : StopLoss placé sur  APE-PERP à 4.14225
TakeProfit : Open limit order for close my LONG position on APE-PERP at 5.559630884847542
Prix stop loss = 0.270225
SecurityStopLoss : StopLoss placé sur  ALGO-PERP à 0.270225
TakeProfit : Open limit order for close my LONG position on ALGO-PERP at 0.3636087603189984
Fin d'execution du bot.
